0 info it worked if it ends with ok
1 verbose cli [ '/usr/bin/node', '/usr/bin/npm', 'install', '-g', 'localtunnel' ]
2 info using npm@1.4.28
3 info using node@v0.10.33
4 verbose node symlink /usr/bin/node
5 verbose cache add [ 'localtunnel', null ]
6 verbose cache add name=undefined spec="localtunnel" args=["localtunnel",null]
7 verbose parsed url { protocol: null,
7 verbose parsed url   slashes: null,
7 verbose parsed url   auth: null,
7 verbose parsed url   host: null,
7 verbose parsed url   port: null,
7 verbose parsed url   hostname: null,
7 verbose parsed url   hash: null,
7 verbose parsed url   search: null,
7 verbose parsed url   query: null,
7 verbose parsed url   pathname: 'localtunnel',
7 verbose parsed url   path: 'localtunnel',
7 verbose parsed url   href: 'localtunnel' }
8 silly lockFile a0661bc8-localtunnel localtunnel
9 verbose lock localtunnel /home/alex/.npm/a0661bc8-localtunnel.lock
10 silly lockFile a0661bc8-localtunnel localtunnel
11 silly lockFile a0661bc8-localtunnel localtunnel
12 verbose addNamed [ 'localtunnel', '' ]
13 verbose addNamed [ null, '*' ]
14 silly lockFile c752cf78-localtunnel localtunnel@
15 verbose lock localtunnel@ /home/alex/.npm/c752cf78-localtunnel.lock
16 silly addNameRange { name: 'localtunnel', range: '*', hasData: false }
17 verbose request where is /localtunnel
18 verbose request registry https://registry.npmjs.org/
19 verbose request id b7ca1ee32f8971f0
20 verbose url raw /localtunnel
21 verbose url resolving [ 'https://registry.npmjs.org/', './localtunnel' ]
22 verbose url resolved https://registry.npmjs.org/localtunnel
23 verbose request where is https://registry.npmjs.org/localtunnel
24 info trying registry request attempt 1 at 20:53:25
25 verbose etag "4PTLM7DO6M3DEMIN81YQ35183"
26 http GET https://registry.npmjs.org/localtunnel
27 http 304 https://registry.npmjs.org/localtunnel
28 silly registry.get cb [ 304,
28 silly registry.get   { date: 'Tue, 27 Jan 2015 12:53:25 GMT',
28 silly registry.get     server: 'Apache',
28 silly registry.get     via: '1.1 varnish',
28 silly registry.get     'last-modified': 'Tue, 27 Jan 2015 12:53:26 GMT',
28 silly registry.get     'cache-control': 'max-age=60',
28 silly registry.get     etag: '"4PTLM7DO6M3DEMIN81YQ35183"',
28 silly registry.get     age: '0',
28 silly registry.get     'x-served-by': 'cache-syd1621-SYD',
28 silly registry.get     'x-cache': 'HIT',
28 silly registry.get     'x-cache-hits': '1',
28 silly registry.get     'x-timer': 'S1422363205.869392,VS0,VE929',
28 silly registry.get     vary: 'Accept',
28 silly registry.get     'content-length': '0',
28 silly registry.get     'keep-alive': 'timeout=10, max=50',
28 silly registry.get     connection: 'Keep-Alive' } ]
29 verbose etag https://registry.npmjs.org/localtunnel from cache
30 silly addNameRange number 2 { name: 'localtunnel', range: '*', hasData: true }
31 silly addNameRange versions [ 'localtunnel',
31 silly addNameRange   [ '0.0.0',
31 silly addNameRange     '0.0.1',
31 silly addNameRange     '0.0.2',
31 silly addNameRange     '0.0.3',
31 silly addNameRange     '0.0.4',
31 silly addNameRange     '0.1.0',
31 silly addNameRange     '0.1.1',
31 silly addNameRange     '0.1.2',
31 silly addNameRange     '0.1.3',
31 silly addNameRange     '0.2.0',
31 silly addNameRange     '0.2.1',
31 silly addNameRange     '0.2.2',
31 silly addNameRange     '1.0.0',
31 silly addNameRange     '1.1.0',
31 silly addNameRange     '1.1.1',
31 silly addNameRange     '1.1.2',
31 silly addNameRange     '1.2.0',
31 silly addNameRange     '1.3.0',
31 silly addNameRange     '1.4.0',
31 silly addNameRange     '1.5.0' ] ]
32 verbose addNamed [ 'localtunnel', '1.5.0' ]
33 verbose addNamed [ '1.5.0', '1.5.0' ]
34 silly lockFile 75a53410-localtunnel-1-5-0 localtunnel@1.5.0
35 verbose lock localtunnel@1.5.0 /home/alex/.npm/75a53410-localtunnel-1-5-0.lock
36 silly lockFile 75a53410-localtunnel-1-5-0 localtunnel@1.5.0
37 silly lockFile 75a53410-localtunnel-1-5-0 localtunnel@1.5.0
38 silly lockFile c752cf78-localtunnel localtunnel@
39 silly lockFile c752cf78-localtunnel localtunnel@
40 silly resolved [ { author: { name: 'Roman Shtylman', email: 'shtylman@gmail.com' },
40 silly resolved     name: 'localtunnel',
40 silly resolved     description: 'expose localhost to the world',
40 silly resolved     version: '1.5.0',
40 silly resolved     repository:
40 silly resolved      { type: 'git',
40 silly resolved        url: 'git://github.com/shtylman/localtunnel.git' },
40 silly resolved     dependencies: { request: '2.11.4', optimist: '0.3.4', debug: '0.7.4' },
40 silly resolved     devDependencies: { mocha: '~1.17.0' },
40 silly resolved     scripts: { test: 'mocha --ui qunit --reporter list --timeout 10000 -- test/index.js' },
40 silly resolved     bin: { lt: './bin/client' },
40 silly resolved     main: './client.js',
40 silly resolved     gitHead: 'a6845ec63bd4f485f3c45c4272eb38733448ee05',
40 silly resolved     bugs: { url: 'https://github.com/shtylman/localtunnel/issues' },
40 silly resolved     homepage: 'https://github.com/shtylman/localtunnel',
40 silly resolved     _id: 'localtunnel@1.5.0',
40 silly resolved     _shasum: '5be949779325e9f3273021a3f38d2e7a8dcd7c4f',
40 silly resolved     _from: 'localtunnel@',
40 silly resolved     _npmVersion: '1.4.23',
40 silly resolved     _npmUser: { name: 'shtylman', email: 'shtylman@gmail.com' },
40 silly resolved     maintainers: [ [Object] ],
40 silly resolved     dist:
40 silly resolved      { shasum: '5be949779325e9f3273021a3f38d2e7a8dcd7c4f',
40 silly resolved        tarball: 'http://registry.npmjs.org/localtunnel/-/localtunnel-1.5.0.tgz' },
40 silly resolved     directories: {},
40 silly resolved     _resolved: 'https://registry.npmjs.org/localtunnel/-/localtunnel-1.5.0.tgz',
40 silly resolved     readme: 'ERROR: No README data found!' } ]
41 info install localtunnel@1.5.0 into /usr/lib
42 info installOne localtunnel@1.5.0
43 verbose lib/node_modules/localtunnel unbuild
44 verbose tar unpack /home/alex/.npm/localtunnel/1.5.0/package.tgz
45 silly lockFile 9570da8e-usr-lib-node-modules-localtunnel tar:///usr/lib/node_modules/localtunnel
46 verbose lock tar:///usr/lib/node_modules/localtunnel /home/alex/.npm/9570da8e-usr-lib-node-modules-localtunnel.lock
47 silly lockFile a540698e-pm-localtunnel-1-5-0-package-tgz tar:///home/alex/.npm/localtunnel/1.5.0/package.tgz
48 verbose lock tar:///home/alex/.npm/localtunnel/1.5.0/package.tgz /home/alex/.npm/a540698e-pm-localtunnel-1-5-0-package-tgz.lock
49 silly gunzTarPerm modes [ '775', '664' ]
50 error Error: EACCES, mkdir '/usr/lib/node_modules/localtunnel'
50 error  { [Error: EACCES, mkdir '/usr/lib/node_modules/localtunnel']
50 error   errno: 3,
50 error   code: 'EACCES',
50 error   path: '/usr/lib/node_modules/localtunnel',
50 error   fstream_type: 'Directory',
50 error   fstream_path: '/usr/lib/node_modules/localtunnel',
50 error   fstream_class: 'DirWriter',
50 error   fstream_stack:
50 error    [ '/usr/lib/node_modules/npm/node_modules/fstream/lib/dir-writer.js:36:23',
50 error      '/usr/lib/node_modules/npm/node_modules/mkdirp/index.js:46:53',
50 error      'Object.oncomplete (fs.js:107:15)' ] }
51 error Please try running this command again as root/Administrator.
52 error System Linux 3.16.0-29-generic
53 error command "/usr/bin/node" "/usr/bin/npm" "install" "-g" "localtunnel"
54 error cwd /webApps/tutorial
55 error node -v v0.10.33
56 error npm -v 1.4.28
57 error path /usr/lib/node_modules/localtunnel
58 error fstream_path /usr/lib/node_modules/localtunnel
59 error fstream_type Directory
60 error fstream_class DirWriter
61 error code EACCES
62 error errno 3
63 error stack Error: EACCES, mkdir '/usr/lib/node_modules/localtunnel'
64 error fstream_stack /usr/lib/node_modules/npm/node_modules/fstream/lib/dir-writer.js:36:23
64 error fstream_stack /usr/lib/node_modules/npm/node_modules/mkdirp/index.js:46:53
64 error fstream_stack Object.oncomplete (fs.js:107:15)
65 verbose exit [ 3, true ]
